Determining if the pthread_create exist failed with the following output:
Change Dir: /home/team4/ros_workspace/project/build/CMakeFiles/CMakeTmp

Run Build Command:/usr/bin/make "cmTryCompileExec4063577375/fast"
/usr/bin/make -f CMakeFiles/cmTryCompileExec4063577375.dir/build.make CMakeFiles/cmTryCompileExec4063577375.dir/build
make[1]: Entering directory `/home/team4/ros_workspace/project/build/CMakeFiles/CMakeTmp'
/usr/bin/cmake -E cmake_progress_report /home/team4/ros_workspace/project/build/CMakeFiles/CMakeTmp/CMakeFiles 1
Building C object CMakeFiles/cmTryCompileExec4063577375.dir/CheckSymbolExists.c.o
/usr/bin/cc    -o CMakeFiles/cmTryCompileExec4063577375.dir/CheckSymbolExists.c.o   -c /home/team4/ros_workspace/project/build/CMakeFiles/CMakeTmp/CheckSymbolExists.c
Linking C executable cmTryCompileExec4063577375
/usr/bin/cmake -E cmake_link_script CMakeFiles/cmTryCompileExec4063577375.dir/link.txt --verbose=1
/usr/bin/cc       CMakeFiles/cmTryCompileExec4063577375.dir/CheckSymbolExists.c.o  -o cmTryCompileExec4063577375 -rdynamic 
CMakeFiles/cmTryCompileExec4063577375.dir/CheckSymbolExists.c.o: In function `main':
CheckSymbolExists.c:(.text+0x16): undefined reference to `pthread_create'
collect2: error: ld returned 1 exit status
make[1]: Leaving directory `/home/team4/ros_workspace/project/build/CMakeFiles/CMakeTmp'
make[1]: *** [cmTryCompileExec4063577375] Error 1
make: *** [cmTryCompileExec4063577375/fast] Error 2

File /home/team4/ros_workspace/project/build/CMakeFiles/CMakeTmp/CheckSymbolExists.c:
/* */
#include <pthread.h>

int main(int argc, char** argv)
{
  (void)argv;
#ifndef pthread_create
  return ((int*)(&pthread_create))[argc];
#else
  (void)argc;
  return 0;
#endif
}

Determining if the function pthread_create exists in the pthreads failed with the following output:
Change Dir: /home/team4/ros_workspace/project/build/CMakeFiles/CMakeTmp

Run Build Command:/usr/bin/make "cmTryCompileExec3196670564/fast"
/usr/bin/make -f CMakeFiles/cmTryCompileExec3196670564.dir/build.make CMakeFiles/cmTryCompileExec3196670564.dir/build
make[1]: Entering directory `/home/team4/ros_workspace/project/build/CMakeFiles/CMakeTmp'
/usr/bin/cmake -E cmake_progress_report /home/team4/ros_workspace/project/build/CMakeFiles/CMakeTmp/CMakeFiles 1
Building C object CMakeFiles/cmTryCompileExec3196670564.dir/CheckFunctionExists.c.o
/usr/bin/cc   -DCHECK_FUNCTION_EXISTS=pthread_create   -o CMakeFiles/cmTryCompileExec3196670564.dir/CheckFunctionExists.c.o   -c /usr/share/cmake-2.8/Modules/CheckFunctionExists.c
Linking C executable cmTryCompileExec3196670564
/usr/bin/cmake -E cmake_link_script CMakeFiles/cmTryCompileExec3196670564.dir/link.txt --verbose=1
/usr/bin/cc   -DCHECK_FUNCTION_EXISTS=pthread_create    CMakeFiles/cmTryCompileExec3196670564.dir/CheckFunctionExists.c.o  -o cmTryCompileExec3196670564 -rdynamic -lpthreads 
/usr/bin/ld: cannot find -lpthreads
collect2: error: ld returned 1 exit status
make[1]: Leaving directory `/home/team4/ros_workspace/project/build/CMakeFiles/CMakeTmp'
make[1]: *** [cmTryCompileExec3196670564] Error 1
make: *** [cmTryCompileExec3196670564/fast] Error 2


